[2025-10-21 07:57:18] ================================
[2025-10-21 07:57:18] Запуск системы автообучения Mini Chess
[2025-10-21 07:57:18] Проект: /srv/MiniChessVovka
[2025-10-21 07:57:18] Скрипт: scheduled_self_play.py
[2025-10-21 07:57:18] Лог обучения: /srv/MiniChessVovka/training_log.txt
[2025-10-21 07:57:18] Максимум попыток перезапуска: 5
[2025-10-21 07:57:18] ================================
[2025-10-21 07:57:18] Попытка запуска обучения #1 из 5
[2025-10-21 07:57:18] Обучение запущено с PID: 3265922
[2025-10-21 07:57:22] Процесс успешно запущен, мониторим здоровье...
[2025-10-21 10:06:23] ПРЕДУПРЕЖДЕНИЕ: Процесс 3265922 может быть зависший
[2025-10-21 10:06:23] Процесс 3265922 завершился
[2025-10-21 10:06:23] Процесс завершился корректно (exit code: 0)
[2025-10-21 10:06:23] Пауза перед перезапуском...
[2025-10-21 10:06:28] Попытка запуска обучения #2 из 5
[2025-10-21 10:06:28] Обучение запущено с PID: 3368523
[2025-10-21 10:06:31] Процесс успешно запущен, мониторим здоровье...
[2025-10-22 18:22:36] Получен сигнал завершения, завершаем работу...
[2025-10-22 18:22:36] Отправляем SIGTERM процессу 3368523...
[2025-11-24 02:10:48] ================================
[2025-11-24 02:10:48] Starting Mini Chess Auto-Training System
[2025-11-24 02:10:48] Project: /srv/MiniChessVovka
[2025-11-24 02:10:48] Script: /srv/MiniChessVovka/src/scheduled_self_play.py
[2025-11-24 02:10:48] Log: /srv/MiniChessVovka/training_log.txt
[2025-11-24 02:10:48] Max retries: 5
[2025-11-24 02:10:48] ================================
[2025-11-24 02:10:48] Attempting to start training #1 of 5
[2025-11-24 02:10:48] Training started with PID: 2091668
[2025-11-24 02:10:51] Process started successfully, monitoring health...
[2025-11-24 02:10:58] Received termination signal, shutting down...
[2025-11-24 02:10:58] Sending SIGTERM to process 2091668...
