[2025-10-18 20:06:25] Обучение не запущено
[2025-10-18 20:09:54] Ручной запуск обучения
[2025-10-18 20:09:54] Запуск обучения...
[2025-10-18 20:09:54] CPU маска: 0-6 (используем 7 из 8 ядер)
[2025-10-18 20:09:54] Обучение запущено с PID: 35205
[2025-10-18 20:09:54] Будет работать до 10:00
[2025-10-18 20:10:04] Обучение запущено (PID: 35205)
[2025-10-18 20:10:04] Использование CPU:
[2025-10-18 20:10:04] Последние 10 строк лога:
[2025-10-18 20:10:18] Ручная остановка обучения
[2025-10-18 20:10:18] Остановка обучения (PID: 35205)...
[2025-10-18 20:10:49] ВНИМАНИЕ: Принудительная остановка процесса
[2025-10-18 20:15:01] === Проверка расписания обучения ===
[2025-10-18 20:15:01] === Проверка расписания обучения ===
[2025-10-18 20:15:01] Текущее время НЕ в окне обучения (2:00 - 10:00)
[2025-10-18 20:15:01] Текущее время НЕ в окне обучения (2:00 - 10:00)
[2025-10-18 20:15:01] Обучение не запущено, ничего не делаем
[2025-10-18 20:15:01] Обучение не запущено, ничего не делаем
[2025-10-18 20:15:01] === Проверка завершена ===
[2025-10-18 20:15:01] === Проверка завершена ===
[2025-10-18 20:15:01] 
[2025-10-18 20:15:01] 
[2025-10-18 20:30:01] === Проверка расписания обучения ===
[2025-10-18 20:30:01] === Проверка расписания обучения ===
[2025-10-18 20:30:01] Текущее время НЕ в окне обучения (2:00 - 10:00)
[2025-10-18 20:30:01] Текущее время НЕ в окне обучения (2:00 - 10:00)
[2025-10-18 20:30:01] Обучение не запущено, ничего не делаем
[2025-10-18 20:30:01] Обучение не запущено, ничего не делаем
[2025-10-18 20:30:01] === Проверка завершена ===
[2025-10-18 20:30:01] === Проверка завершена ===
[2025-10-18 20:30:01] 
[2025-10-18 20:30:01] 
[2025-10-18 20:45:01] === Проверка расписания обучения ===
[2025-10-18 20:45:01] === Проверка расписания обучения ===
[2025-10-18 20:45:01] Текущее время НЕ в окне обучения (2:00 - 10:00)
[2025-10-18 20:45:01] Текущее время НЕ в окне обучения (2:00 - 10:00)
[2025-10-18 20:45:01] Обучение не запущено, ничего не делаем
[2025-10-18 20:45:01] Обучение не запущено, ничего не делаем
[2025-10-18 20:45:01] === Проверка завершена ===
[2025-10-18 20:45:01] === Проверка завершена ===
[2025-10-18 20:45:01] 
[2025-10-18 20:45:01] 
[2025-10-18 21:00:01] === Проверка расписания обучения ===
[2025-10-18 21:00:01] === Проверка расписания обучения ===
[2025-10-18 21:00:01] Текущее время НЕ в окне обучения (2:00 - 10:00)
[2025-10-18 21:00:01] Текущее время НЕ в окне обучения (2:00 - 10:00)
[2025-10-18 21:00:01] Обучение не запущено, ничего не делаем
[2025-10-18 21:00:01] Обучение не запущено, ничего не делаем
[2025-10-18 21:00:01] === Проверка завершена ===
[2025-10-18 21:00:01] === Проверка завершена ===
[2025-10-18 21:00:01] 
[2025-10-18 21:00:01] 
[2025-10-18 21:15:01] === Проверка расписания обучения ===
[2025-10-18 21:15:01] === Проверка расписания обучения ===
[2025-10-18 21:15:01] Текущее время НЕ в окне обучения (2:00 - 10:00)
[2025-10-18 21:15:01] Текущее время НЕ в окне обучения (2:00 - 10:00)
[2025-10-18 21:15:01] Обучение не запущено, ничего не делаем
[2025-10-18 21:15:01] Обучение не запущено, ничего не делаем
[2025-10-18 21:15:01] === Проверка завершена ===
[2025-10-18 21:15:01] === Проверка завершена ===
[2025-10-18 21:15:01] 
[2025-10-18 21:15:01] 
[2025-10-18 21:30:01] === Проверка расписания обучения ===
[2025-10-18 21:30:01] === Проверка расписания обучения ===
[2025-10-18 21:30:01] Текущее время НЕ в окне обучения (2:00 - 10:00)
[2025-10-18 21:30:01] Текущее время НЕ в окне обучения (2:00 - 10:00)
[2025-10-18 21:30:01] Обучение не запущено, ничего не делаем
[2025-10-18 21:30:01] Обучение не запущено, ничего не делаем
[2025-10-18 21:30:01] === Проверка завершена ===
[2025-10-18 21:30:01] === Проверка завершена ===
[2025-10-18 21:30:01] 
[2025-10-18 21:30:01] 
[2025-10-18 21:45:01] === Проверка расписания обучения ===
[2025-10-18 21:45:01] === Проверка расписания обучения ===
[2025-10-18 21:45:01] Текущее время НЕ в окне обучения (2:00 - 10:00)
[2025-10-18 21:45:01] Текущее время НЕ в окне обучения (2:00 - 10:00)
[2025-10-18 21:45:01] Обучение не запущено, ничего не делаем
[2025-10-18 21:45:01] Обучение не запущено, ничего не делаем
[2025-10-18 21:45:01] === Проверка завершена ===
[2025-10-18 21:45:01] === Проверка завершена ===
[2025-10-18 21:45:01] 
[2025-10-18 21:45:01] 
[2025-10-18 22:00:01] === Проверка расписания обучения ===
[2025-10-18 22:00:01] === Проверка расписания обучения ===
[2025-10-18 22:00:01] Текущее время НЕ в окне обучения (2:00 - 10:00)
[2025-10-18 22:00:01] Текущее время НЕ в окне обучения (2:00 - 10:00)
[2025-10-18 22:00:01] Обучение не запущено, ничего не делаем
[2025-10-18 22:00:01] Обучение не запущено, ничего не делаем
[2025-10-18 22:00:01] === Проверка завершена ===
[2025-10-18 22:00:01] === Проверка завершена ===
[2025-10-18 22:00:01] 
[2025-10-18 22:00:01] 
[2025-10-18 22:15:01] === Проверка расписания обучения ===
[2025-10-18 22:15:01] === Проверка расписания обучения ===
[2025-10-18 22:15:01] Текущее время НЕ в окне обучения (2:00 - 10:00)
[2025-10-18 22:15:01] Текущее время НЕ в окне обучения (2:00 - 10:00)
[2025-10-18 22:15:01] Обучение не запущено, ничего не делаем
[2025-10-18 22:15:01] Обучение не запущено, ничего не делаем
[2025-10-18 22:15:01] === Проверка завершена ===
[2025-10-18 22:15:01] === Проверка завершена ===
[2025-10-18 22:15:01] 
[2025-10-18 22:15:01] 
[2025-10-18 22:29:34] Ручной запуск обучения
[2025-10-18 22:29:34] Запуск обучения...
[2025-10-18 22:29:34] CPU маска: 0-6 (используем 7 из 8 ядер)
[2025-10-18 22:29:34] Обучение запущено с PID: 49422
[2025-10-18 22:29:34] Будет работать до 10:00
[2025-10-18 22:29:55] Ручная остановка обучения
[2025-10-18 22:29:55] Остановка обучения (PID: 49422)...
[2025-10-18 22:30:01] === Проверка расписания обучения ===
[2025-10-18 22:30:01] === Проверка расписания обучения ===
[2025-10-18 22:30:01] Текущее время НЕ в окне обучения (2:00 - 10:00)
[2025-10-18 22:30:01] Текущее время НЕ в окне обучения (2:00 - 10:00)
[2025-10-18 22:30:01] Обучение запущено, но время вышло - останавливаем
[2025-10-18 22:30:01] Обучение запущено, но время вышло - останавливаем
[2025-10-18 22:30:01] Остановка обучения (PID: 49422)...
[2025-10-18 22:30:01] Остановка обучения (PID: 49422)...
[2025-10-18 22:30:25] ВНИМАНИЕ: Принудительная остановка всех процессов обучения
[2025-10-18 22:30:26] Обучение успешно остановлено (все процессы завершены)
[2025-10-18 22:30:26] Обучение успешно остановлено (все процессы завершены)
rm: cannot remove '/srv/MiniChessVovka/training.pid': No such file or directory
[2025-10-18 22:30:26] === Проверка завершена ===
[2025-10-18 22:30:26] === Проверка завершена ===
[2025-10-18 22:30:26] 
[2025-10-18 22:30:26] 
[2025-10-18 22:30:34] Обучение не запущено
[2025-10-18 22:45:01] === Проверка расписания обучения ===
[2025-10-18 22:45:01] === Проверка расписания обучения ===
[2025-10-18 22:45:01] Текущее время НЕ в окне обучения (2:00 - 10:00)
[2025-10-18 22:45:01] Текущее время НЕ в окне обучения (2:00 - 10:00)
[2025-10-18 22:45:01] Обучение не запущено, ничего не делаем
[2025-10-18 22:45:01] Обучение не запущено, ничего не делаем
[2025-10-18 22:45:01] === Проверка завершена ===
[2025-10-18 22:45:01] === Проверка завершена ===
[2025-10-18 22:45:01] 
[2025-10-18 22:45:01] 
[2025-10-18 23:00:01] === Проверка расписания обучения ===
[2025-10-18 23:00:01] === Проверка расписания обучения ===
[2025-10-18 23:00:01] Текущее время НЕ в окне обучения (2:00 - 10:00)
[2025-10-18 23:00:01] Текущее время НЕ в окне обучения (2:00 - 10:00)
[2025-10-18 23:00:01] Обучение не запущено, ничего не делаем
[2025-10-18 23:00:01] Обучение не запущено, ничего не делаем
[2025-10-18 23:00:01] === Проверка завершена ===
[2025-10-18 23:00:01] === Проверка завершена ===
[2025-10-18 23:00:01] 
[2025-10-18 23:00:01] 
[2025-10-18 23:15:01] === Проверка расписания обучения ===
[2025-10-18 23:15:01] === Проверка расписания обучения ===
[2025-10-18 23:15:01] Текущее время НЕ в окне обучения (2:00 - 10:00)
[2025-10-18 23:15:01] Текущее время НЕ в окне обучения (2:00 - 10:00)
[2025-10-18 23:15:01] Обучение не запущено, ничего не делаем
[2025-10-18 23:15:01] Обучение не запущено, ничего не делаем
[2025-10-18 23:15:01] === Проверка завершена ===
[2025-10-18 23:15:01] === Проверка завершена ===
[2025-10-18 23:15:01] 
[2025-10-18 23:15:01] 
[2025-10-18 23:30:01] === Проверка расписания обучения ===
[2025-10-18 23:30:01] === Проверка расписания обучения ===
[2025-10-18 23:30:01] Текущее время НЕ в окне обучения (2:00 - 10:00)
[2025-10-18 23:30:01] Текущее время НЕ в окне обучения (2:00 - 10:00)
[2025-10-18 23:30:01] Обучение не запущено, ничего не делаем
[2025-10-18 23:30:01] Обучение не запущено, ничего не делаем
[2025-10-18 23:30:01] === Проверка завершена ===
[2025-10-18 23:30:01] === Проверка завершена ===
[2025-10-18 23:30:01] 
[2025-10-18 23:30:01] 
[2025-10-18 23:45:01] === Проверка расписания обучения ===
[2025-10-18 23:45:01] === Проверка расписания обучения ===
[2025-10-18 23:45:01] Текущее время НЕ в окне обучения (2:00 - 10:00)
[2025-10-18 23:45:01] Текущее время НЕ в окне обучения (2:00 - 10:00)
[2025-10-18 23:45:01] Обучение не запущено, ничего не делаем
[2025-10-18 23:45:01] Обучение не запущено, ничего не делаем
[2025-10-18 23:45:01] === Проверка завершена ===
[2025-10-18 23:45:01] === Проверка завершена ===
[2025-10-18 23:45:01] 
[2025-10-18 23:45:01] 
[2025-10-19 00:00:01] === Проверка расписания обучения ===
[2025-10-19 00:00:01] === Проверка расписания обучения ===
[2025-10-19 00:00:01] Текущее время НЕ в окне обучения (2:00 - 10:00)
[2025-10-19 00:00:01] Текущее время НЕ в окне обучения (2:00 - 10:00)
[2025-10-19 00:00:01] Обучение не запущено, ничего не делаем
[2025-10-19 00:00:01] Обучение не запущено, ничего не делаем
[2025-10-19 00:00:01] === Проверка завершена ===
[2025-10-19 00:00:01] === Проверка завершена ===
[2025-10-19 00:00:01] 
[2025-10-19 00:00:01] 
[2025-10-19 00:15:01] === Проверка расписания обучения ===
[2025-10-19 00:15:01] === Проверка расписания обучения ===
[2025-10-19 00:15:01] Текущее время НЕ в окне обучения (2:00 - 10:00)
[2025-10-19 00:15:01] Текущее время НЕ в окне обучения (2:00 - 10:00)
[2025-10-19 00:15:01] Обучение не запущено, ничего не делаем
[2025-10-19 00:15:01] Обучение не запущено, ничего не делаем
[2025-10-19 00:15:01] === Проверка завершена ===
[2025-10-19 00:15:01] === Проверка завершена ===
[2025-10-19 00:15:01] 
[2025-10-19 00:15:01] 
[2025-10-19 00:27:00] Обучение не запущено
[2025-10-19 00:30:01] === Проверка расписания обучения ===
[2025-10-19 00:30:01] === Проверка расписания обучения ===
[2025-10-19 00:30:01] Текущее время НЕ в окне обучения (2:00 - 10:00)
[2025-10-19 00:30:01] Текущее время НЕ в окне обучения (2:00 - 10:00)
[2025-10-19 00:30:01] Обучение не запущено, ничего не делаем
[2025-10-19 00:30:01] Обучение не запущено, ничего не делаем
[2025-10-19 00:30:01] === Проверка завершена ===
[2025-10-19 00:30:01] === Проверка завершена ===
[2025-10-19 00:30:01] 
[2025-10-19 00:30:01] 
[2025-10-19 00:45:01] === Проверка расписания обучения ===
[2025-10-19 00:45:01] === Проверка расписания обучения ===
[2025-10-19 00:45:01] Текущее время НЕ в окне обучения (2:00 - 10:00)
[2025-10-19 00:45:01] Текущее время НЕ в окне обучения (2:00 - 10:00)
[2025-10-19 00:45:01] Обучение не запущено, ничего не делаем
[2025-10-19 00:45:01] Обучение не запущено, ничего не делаем
[2025-10-19 00:45:01] === Проверка завершена ===
[2025-10-19 00:45:01] === Проверка завершена ===
[2025-10-19 00:45:01] 
[2025-10-19 00:45:01] 
[2025-10-19 01:00:01] === Проверка расписания обучения ===
[2025-10-19 01:00:01] === Проверка расписания обучения ===
[2025-10-19 01:00:01] Текущее время НЕ в окне обучения (2:00 - 10:00)
[2025-10-19 01:00:01] Текущее время НЕ в окне обучения (2:00 - 10:00)
[2025-10-19 01:00:01] Обучение не запущено, ничего не делаем
[2025-10-19 01:00:01] Обучение не запущено, ничего не делаем
[2025-10-19 01:00:01] === Проверка завершена ===
[2025-10-19 01:00:01] === Проверка завершена ===
[2025-10-19 01:00:01] 
[2025-10-19 01:00:01] 
[2025-10-19 01:15:01] === Проверка расписания обучения ===
[2025-10-19 01:15:01] === Проверка расписания обучения ===
[2025-10-19 01:15:01] Текущее время находится в окне обучения (0:00 - 8:00)
[2025-10-19 01:15:01] Текущее время находится в окне обучения (0:00 - 8:00)
[2025-10-19 01:15:01] Обучение не запущено, запускаем...
[2025-10-19 01:15:01] Обучение не запущено, запускаем...
[2025-10-19 01:15:01] Запуск обучения...
[2025-10-19 01:15:01] Запуск обучения...
[2025-10-19 01:15:01] CPU маска: 0-6 (используем 7 из 8 ядер)
[2025-10-19 01:15:01] CPU маска: 0-6 (используем 7 из 8 ядер)
[2025-10-19 01:15:01] Обучение запущено с PID: 240177
[2025-10-19 01:15:01] Обучение запущено с PID: 240177
[2025-10-19 01:15:01] Будет работать до 8:00
[2025-10-19 01:15:01] Будет работать до 8:00
[2025-10-19 01:15:01] === Проверка завершена ===
[2025-10-19 01:15:01] === Проверка завершена ===
[2025-10-19 01:15:01] 
[2025-10-19 01:15:01] 
[2025-10-19 01:15:04] Обучение запущено (PID: 240177)
[2025-10-19 01:15:04] Использование CPU:
[2025-10-19 01:15:04] Последние 10 строк лога:
[2025-10-19 01:30:01] === Проверка расписания обучения ===
[2025-10-19 01:30:01] === Проверка расписания обучения ===
[2025-10-19 01:30:01] Текущее время находится в окне обучения (0:00 - 8:00)
[2025-10-19 01:30:01] Текущее время находится в окне обучения (0:00 - 8:00)
[2025-10-19 01:30:01] Обучение уже запущено, продолжаем работу
[2025-10-19 01:30:01] Обучение уже запущено, продолжаем работу
[2025-10-19 01:30:01] === Проверка завершена ===
[2025-10-19 01:30:01] === Проверка завершена ===
[2025-10-19 01:30:01] 
[2025-10-19 01:30:01] 
[2025-10-19 01:45:01] === Проверка расписания обучения ===
[2025-10-19 01:45:01] === Проверка расписания обучения ===
[2025-10-19 01:45:01] Текущее время находится в окне обучения (0:00 - 8:00)
[2025-10-19 01:45:01] Текущее время находится в окне обучения (0:00 - 8:00)
[2025-10-19 01:45:01] Обучение уже запущено, продолжаем работу
[2025-10-19 01:45:01] Обучение уже запущено, продолжаем работу
[2025-10-19 01:45:01] === Проверка завершена ===
[2025-10-19 01:45:01] === Проверка завершена ===
[2025-10-19 01:45:01] 
[2025-10-19 01:45:01] 
[2025-10-19 02:00:01] === Проверка расписания обучения ===
[2025-10-19 02:00:01] === Проверка расписания обучения ===
[2025-10-19 02:00:01] Текущее время находится в окне обучения (0:00 - 8:00)
[2025-10-19 02:00:01] Текущее время находится в окне обучения (0:00 - 8:00)
[2025-10-19 02:00:01] Обучение уже запущено, продолжаем работу
[2025-10-19 02:00:01] Обучение уже запущено, продолжаем работу
[2025-10-19 02:00:01] === Проверка завершена ===
[2025-10-19 02:00:01] === Проверка завершена ===
[2025-10-19 02:00:01] 
[2025-10-19 02:00:01] 
[2025-10-19 02:15:02] === Проверка расписания обучения ===
[2025-10-19 02:15:02] === Проверка расписания обучения ===
[2025-10-19 02:15:02] Текущее время находится в окне обучения (0:00 - 8:00)
[2025-10-19 02:15:02] Текущее время находится в окне обучения (0:00 - 8:00)
[2025-10-19 02:15:02] Обучение уже запущено, продолжаем работу
[2025-10-19 02:15:02] Обучение уже запущено, продолжаем работу
[2025-10-19 02:15:02] === Проверка завершена ===
[2025-10-19 02:15:02] === Проверка завершена ===
[2025-10-19 02:15:02] 
[2025-10-19 02:15:02] 
[2025-10-19 02:30:01] === Проверка расписания обучения ===
[2025-10-19 02:30:01] === Проверка расписания обучения ===
[2025-10-19 02:30:01] Текущее время находится в окне обучения (0:00 - 8:00)
[2025-10-19 02:30:01] Текущее время находится в окне обучения (0:00 - 8:00)
[2025-10-19 02:30:01] Обучение уже запущено, продолжаем работу
[2025-10-19 02:30:01] Обучение уже запущено, продолжаем работу
[2025-10-19 02:30:01] === Проверка завершена ===
[2025-10-19 02:30:01] === Проверка завершена ===
[2025-10-19 02:30:01] 
[2025-10-19 02:30:01] 
[2025-10-19 02:45:01] === Проверка расписания обучения ===
[2025-10-19 02:45:01] === Проверка расписания обучения ===
[2025-10-19 02:45:01] Текущее время находится в окне обучения (0:00 - 8:00)
[2025-10-19 02:45:01] Текущее время находится в окне обучения (0:00 - 8:00)
[2025-10-19 02:45:01] Обучение уже запущено, продолжаем работу
[2025-10-19 02:45:01] Обучение уже запущено, продолжаем работу
[2025-10-19 02:45:01] === Проверка завершена ===
[2025-10-19 02:45:01] === Проверка завершена ===
[2025-10-19 02:45:01] 
[2025-10-19 02:45:01] 
[2025-10-19 03:00:01] === Проверка расписания обучения ===
[2025-10-19 03:00:01] === Проверка расписания обучения ===
[2025-10-19 03:00:01] Текущее время находится в окне обучения (0:00 - 8:00)
[2025-10-19 03:00:01] Текущее время находится в окне обучения (0:00 - 8:00)
[2025-10-19 03:00:01] Обучение уже запущено, продолжаем работу
[2025-10-19 03:00:01] Обучение уже запущено, продолжаем работу
[2025-10-19 03:00:01] === Проверка завершена ===
[2025-10-19 03:00:01] === Проверка завершена ===
[2025-10-19 03:00:01] 
[2025-10-19 03:00:01] 
[2025-10-19 03:15:01] === Проверка расписания обучения ===
[2025-10-19 03:15:01] === Проверка расписания обучения ===
[2025-10-19 03:15:01] Текущее время находится в окне обучения (0:00 - 8:00)
[2025-10-19 03:15:01] Текущее время находится в окне обучения (0:00 - 8:00)
[2025-10-19 03:15:01] Обучение уже запущено, продолжаем работу
[2025-10-19 03:15:01] Обучение уже запущено, продолжаем работу
[2025-10-19 03:15:01] === Проверка завершена ===
[2025-10-19 03:15:01] === Проверка завершена ===
[2025-10-19 03:15:01] 
[2025-10-19 03:15:01] 
[2025-10-19 03:30:01] === Проверка расписания обучения ===
[2025-10-19 03:30:01] === Проверка расписания обучения ===
[2025-10-19 03:30:01] Текущее время находится в окне обучения (0:00 - 8:00)
[2025-10-19 03:30:01] Текущее время находится в окне обучения (0:00 - 8:00)
[2025-10-19 03:30:01] Обучение уже запущено, продолжаем работу
[2025-10-19 03:30:01] Обучение уже запущено, продолжаем работу
[2025-10-19 03:30:01] === Проверка завершена ===
[2025-10-19 03:30:01] === Проверка завершена ===
[2025-10-19 03:30:01] 
[2025-10-19 03:30:01] 
[2025-10-19 03:45:01] === Проверка расписания обучения ===
[2025-10-19 03:45:01] === Проверка расписания обучения ===
[2025-10-19 03:45:01] Текущее время находится в окне обучения (0:00 - 8:00)
[2025-10-19 03:45:01] Текущее время находится в окне обучения (0:00 - 8:00)
[2025-10-19 03:45:01] Обучение уже запущено, продолжаем работу
[2025-10-19 03:45:01] Обучение уже запущено, продолжаем работу
[2025-10-19 03:45:01] === Проверка завершена ===
[2025-10-19 03:45:01] === Проверка завершена ===
[2025-10-19 03:45:01] 
[2025-10-19 03:45:01] 
[2025-10-19 04:00:01] === Проверка расписания обучения ===
[2025-10-19 04:00:01] === Проверка расписания обучения ===
[2025-10-19 04:00:01] Текущее время находится в окне обучения (0:00 - 8:00)
[2025-10-19 04:00:01] Текущее время находится в окне обучения (0:00 - 8:00)
[2025-10-19 04:00:01] Обучение уже запущено, продолжаем работу
[2025-10-19 04:00:01] Обучение уже запущено, продолжаем работу
[2025-10-19 04:00:01] === Проверка завершена ===
[2025-10-19 04:00:01] === Проверка завершена ===
[2025-10-19 04:00:01] 
[2025-10-19 04:00:01] 
[2025-10-19 04:15:01] === Проверка расписания обучения ===
[2025-10-19 04:15:01] === Проверка расписания обучения ===
[2025-10-19 04:15:01] Текущее время находится в окне обучения (0:00 - 8:00)
[2025-10-19 04:15:01] Текущее время находится в окне обучения (0:00 - 8:00)
[2025-10-19 04:15:01] Обучение уже запущено, продолжаем работу
[2025-10-19 04:15:01] Обучение уже запущено, продолжаем работу
[2025-10-19 04:15:01] === Проверка завершена ===
[2025-10-19 04:15:01] === Проверка завершена ===
[2025-10-19 04:15:01] 
[2025-10-19 04:15:01] 
[2025-10-19 04:30:01] === Проверка расписания обучения ===
[2025-10-19 04:30:01] === Проверка расписания обучения ===
[2025-10-19 04:30:02] Текущее время находится в окне обучения (0:00 - 8:00)
[2025-10-19 04:30:02] Текущее время находится в окне обучения (0:00 - 8:00)
[2025-10-19 04:30:02] Обучение уже запущено, продолжаем работу
[2025-10-19 04:30:02] Обучение уже запущено, продолжаем работу
[2025-10-19 04:30:02] === Проверка завершена ===
[2025-10-19 04:30:02] === Проверка завершена ===
[2025-10-19 04:30:02] 
[2025-10-19 04:30:02] 
[2025-10-19 04:45:01] === Проверка расписания обучения ===
[2025-10-19 04:45:01] === Проверка расписания обучения ===
[2025-10-19 04:45:01] Текущее время находится в окне обучения (0:00 - 8:00)
[2025-10-19 04:45:01] Текущее время находится в окне обучения (0:00 - 8:00)
[2025-10-19 04:45:01] Обучение уже запущено, продолжаем работу
[2025-10-19 04:45:01] Обучение уже запущено, продолжаем работу
[2025-10-19 04:45:01] === Проверка завершена ===
[2025-10-19 04:45:01] === Проверка завершена ===
[2025-10-19 04:45:01] 
[2025-10-19 04:45:01] 
[2025-10-19 05:00:01] === Проверка расписания обучения ===
[2025-10-19 05:00:01] === Проверка расписания обучения ===
[2025-10-19 05:00:01] Текущее время находится в окне обучения (0:00 - 8:00)
[2025-10-19 05:00:01] Текущее время находится в окне обучения (0:00 - 8:00)
[2025-10-19 05:00:01] Обучение уже запущено, продолжаем работу
[2025-10-19 05:00:01] Обучение уже запущено, продолжаем работу
[2025-10-19 05:00:01] === Проверка завершена ===
[2025-10-19 05:00:01] === Проверка завершена ===
[2025-10-19 05:00:01] 
[2025-10-19 05:00:01] 
[2025-10-19 05:15:01] === Проверка расписания обучения ===
[2025-10-19 05:15:01] === Проверка расписания обучения ===
[2025-10-19 05:15:01] Текущее время находится в окне обучения (0:00 - 8:00)
[2025-10-19 05:15:01] Текущее время находится в окне обучения (0:00 - 8:00)
[2025-10-19 05:15:01] Обучение уже запущено, продолжаем работу
[2025-10-19 05:15:01] Обучение уже запущено, продолжаем работу
[2025-10-19 05:15:01] === Проверка завершена ===
[2025-10-19 05:15:01] === Проверка завершена ===
[2025-10-19 05:15:01] 
[2025-10-19 05:15:01] 
[2025-10-19 05:30:01] === Проверка расписания обучения ===
[2025-10-19 05:30:01] === Проверка расписания обучения ===
[2025-10-19 05:30:01] Текущее время находится в окне обучения (0:00 - 8:00)
[2025-10-19 05:30:01] Текущее время находится в окне обучения (0:00 - 8:00)
[2025-10-19 05:30:01] Обучение уже запущено, продолжаем работу
[2025-10-19 05:30:01] Обучение уже запущено, продолжаем работу
[2025-10-19 05:30:01] === Проверка завершена ===
[2025-10-19 05:30:01] === Проверка завершена ===
[2025-10-19 05:30:01] 
[2025-10-19 05:30:01] 
[2025-10-19 05:45:01] === Проверка расписания обучения ===
[2025-10-19 05:45:01] === Проверка расписания обучения ===
[2025-10-19 05:45:01] Текущее время находится в окне обучения (0:00 - 8:00)
[2025-10-19 05:45:01] Текущее время находится в окне обучения (0:00 - 8:00)
[2025-10-19 05:45:01] Обучение уже запущено, продолжаем работу
[2025-10-19 05:45:01] Обучение уже запущено, продолжаем работу
[2025-10-19 05:45:01] === Проверка завершена ===
[2025-10-19 05:45:01] === Проверка завершена ===
[2025-10-19 05:45:01] 
[2025-10-19 05:45:01] 
[2025-10-19 06:00:01] === Проверка расписания обучения ===
[2025-10-19 06:00:01] === Проверка расписания обучения ===
[2025-10-19 06:00:01] Текущее время находится в окне обучения (0:00 - 8:00)
[2025-10-19 06:00:01] Текущее время находится в окне обучения (0:00 - 8:00)
[2025-10-19 06:00:01] Обучение уже запущено, продолжаем работу
[2025-10-19 06:00:01] Обучение уже запущено, продолжаем работу
[2025-10-19 06:00:01] === Проверка завершена ===
[2025-10-19 06:00:01] === Проверка завершена ===
[2025-10-19 06:00:01] 
[2025-10-19 06:00:01] 
[2025-10-19 06:15:01] === Проверка расписания обучения ===
[2025-10-19 06:15:01] === Проверка расписания обучения ===
[2025-10-19 06:15:01] Текущее время находится в окне обучения (0:00 - 8:00)
[2025-10-19 06:15:01] Текущее время находится в окне обучения (0:00 - 8:00)
[2025-10-19 06:15:01] Обучение уже запущено, продолжаем работу
[2025-10-19 06:15:01] Обучение уже запущено, продолжаем работу
[2025-10-19 06:15:01] === Проверка завершена ===
[2025-10-19 06:15:01] === Проверка завершена ===
[2025-10-19 06:15:01] 
[2025-10-19 06:15:01] 
[2025-10-19 06:30:01] === Проверка расписания обучения ===
[2025-10-19 06:30:01] === Проверка расписания обучения ===
[2025-10-19 06:30:01] Текущее время находится в окне обучения (0:00 - 8:00)
[2025-10-19 06:30:01] Текущее время находится в окне обучения (0:00 - 8:00)
[2025-10-19 06:30:01] Обучение уже запущено, продолжаем работу
[2025-10-19 06:30:01] Обучение уже запущено, продолжаем работу
[2025-10-19 06:30:01] === Проверка завершена ===
[2025-10-19 06:30:01] === Проверка завершена ===
[2025-10-19 06:30:01] 
[2025-10-19 06:30:01] 
[2025-10-19 06:45:01] === Проверка расписания обучения ===
[2025-10-19 06:45:01] === Проверка расписания обучения ===
[2025-10-19 06:45:01] Текущее время находится в окне обучения (0:00 - 8:00)
[2025-10-19 06:45:01] Текущее время находится в окне обучения (0:00 - 8:00)
[2025-10-19 06:45:01] Обучение уже запущено, продолжаем работу
[2025-10-19 06:45:01] Обучение уже запущено, продолжаем работу
[2025-10-19 06:45:01] === Проверка завершена ===
[2025-10-19 06:45:01] === Проверка завершена ===
[2025-10-19 06:45:01] 
[2025-10-19 06:45:01] 
[2025-10-19 07:00:01] === Проверка расписания обучения ===
[2025-10-19 07:00:01] === Проверка расписания обучения ===
[2025-10-19 07:00:01] Текущее время находится в окне обучения (0:00 - 8:00)
[2025-10-19 07:00:01] Текущее время находится в окне обучения (0:00 - 8:00)
[2025-10-19 07:00:01] Обучение уже запущено, продолжаем работу
[2025-10-19 07:00:01] Обучение уже запущено, продолжаем работу
[2025-10-19 07:00:01] === Проверка завершена ===
[2025-10-19 07:00:01] === Проверка завершена ===
[2025-10-19 07:00:01] 
[2025-10-19 07:00:01] 
[2025-10-19 07:15:01] === Проверка расписания обучения ===
[2025-10-19 07:15:01] === Проверка расписания обучения ===
[2025-10-19 07:15:01] Текущее время находится в окне обучения (0:00 - 8:00)
[2025-10-19 07:15:01] Текущее время находится в окне обучения (0:00 - 8:00)
[2025-10-19 07:15:01] Обучение уже запущено, продолжаем работу
[2025-10-19 07:15:01] Обучение уже запущено, продолжаем работу
[2025-10-19 07:15:01] === Проверка завершена ===
[2025-10-19 07:15:01] === Проверка завершена ===
[2025-10-19 07:15:01] 
[2025-10-19 07:15:01] 
[2025-10-19 07:30:01] === Проверка расписания обучения ===
[2025-10-19 07:30:01] === Проверка расписания обучения ===
[2025-10-19 07:30:01] Текущее время находится в окне обучения (0:00 - 8:00)
[2025-10-19 07:30:01] Текущее время находится в окне обучения (0:00 - 8:00)
[2025-10-19 07:30:01] Обучение уже запущено, продолжаем работу
[2025-10-19 07:30:01] Обучение уже запущено, продолжаем работу
[2025-10-19 07:30:01] === Проверка завершена ===
[2025-10-19 07:30:01] === Проверка завершена ===
[2025-10-19 07:30:01] 
[2025-10-19 07:30:01] 
[2025-10-19 07:45:01] === Проверка расписания обучения ===
[2025-10-19 07:45:01] === Проверка расписания обучения ===
[2025-10-19 07:45:01] Текущее время находится в окне обучения (0:00 - 8:00)
[2025-10-19 07:45:01] Текущее время находится в окне обучения (0:00 - 8:00)
[2025-10-19 07:45:01] Обучение уже запущено, продолжаем работу
[2025-10-19 07:45:01] Обучение уже запущено, продолжаем работу
[2025-10-19 07:45:01] === Проверка завершена ===
[2025-10-19 07:45:01] === Проверка завершена ===
[2025-10-19 07:45:01] 
[2025-10-19 07:45:01] 
[2025-10-19 08:00:01] === Проверка расписания обучения ===
[2025-10-19 08:00:01] === Проверка расписания обучения ===
[2025-10-19 08:00:01] Текущее время НЕ в окне обучения (0:00 - 8:00)
[2025-10-19 08:00:01] Текущее время НЕ в окне обучения (0:00 - 8:00)
[2025-10-19 08:00:01] Обучение запущено, но время вышло - останавливаем
[2025-10-19 08:00:01] Обучение запущено, но время вышло - останавливаем
[2025-10-19 08:00:01] Остановка обучения (PID: 240177)...
[2025-10-19 08:00:01] Остановка обучения (PID: 240177)...
[2025-10-19 08:00:32] ВНИМАНИЕ: Принудительная остановка всех процессов обучения
[2025-10-19 08:00:32] ВНИМАНИЕ: Принудительная остановка всех процессов обучения
[2025-10-19 08:00:32] === Проверка завершена ===
[2025-10-19 08:00:32] === Проверка завершена ===
[2025-10-19 08:00:32] 
[2025-10-19 08:00:32] 
[2025-10-19 08:15:01] === Проверка расписания обучения ===
[2025-10-19 08:15:01] === Проверка расписания обучения ===
[2025-10-19 08:15:01] Текущее время НЕ в окне обучения (0:00 - 8:00)
[2025-10-19 08:15:01] Текущее время НЕ в окне обучения (0:00 - 8:00)
[2025-10-19 08:15:01] Обучение не запущено, ничего не делаем
[2025-10-19 08:15:01] Обучение не запущено, ничего не делаем
[2025-10-19 08:15:01] === Проверка завершена ===
[2025-10-19 08:15:01] === Проверка завершена ===
[2025-10-19 08:15:01] 
[2025-10-19 08:15:01] 
[2025-10-19 08:30:01] === Проверка расписания обучения ===
[2025-10-19 08:30:01] === Проверка расписания обучения ===
[2025-10-19 08:30:01] Текущее время НЕ в окне обучения (0:00 - 8:00)
[2025-10-19 08:30:01] Текущее время НЕ в окне обучения (0:00 - 8:00)
[2025-10-19 08:30:01] Обучение не запущено, ничего не делаем
[2025-10-19 08:30:01] Обучение не запущено, ничего не делаем
[2025-10-19 08:30:01] === Проверка завершена ===
[2025-10-19 08:30:01] === Проверка завершена ===
[2025-10-19 08:30:01] 
[2025-10-19 08:30:01] 
[2025-10-19 08:45:01] === Проверка расписания обучения ===
[2025-10-19 08:45:01] === Проверка расписания обучения ===
[2025-10-19 08:45:01] Текущее время НЕ в окне обучения (0:00 - 8:00)
[2025-10-19 08:45:01] Текущее время НЕ в окне обучения (0:00 - 8:00)
[2025-10-19 08:45:01] Обучение не запущено, ничего не делаем
[2025-10-19 08:45:01] Обучение не запущено, ничего не делаем
[2025-10-19 08:45:01] === Проверка завершена ===
[2025-10-19 08:45:01] === Проверка завершена ===
[2025-10-19 08:45:01] 
[2025-10-19 08:45:01] 
[2025-10-19 09:00:01] === Проверка расписания обучения ===
[2025-10-19 09:00:01] === Проверка расписания обучения ===
[2025-10-19 09:00:01] Текущее время НЕ в окне обучения (0:00 - 8:00)
[2025-10-19 09:00:01] Текущее время НЕ в окне обучения (0:00 - 8:00)
[2025-10-19 09:00:01] Обучение не запущено, ничего не делаем
[2025-10-19 09:00:01] Обучение не запущено, ничего не делаем
[2025-10-19 09:00:01] === Проверка завершена ===
[2025-10-19 09:00:01] === Проверка завершена ===
[2025-10-19 09:00:01] 
[2025-10-19 09:00:01] 
[2025-10-19 09:15:01] === Проверка расписания обучения ===
[2025-10-19 09:15:01] === Проверка расписания обучения ===
[2025-10-19 09:15:01] Текущее время НЕ в окне обучения (0:00 - 8:00)
[2025-10-19 09:15:01] Текущее время НЕ в окне обучения (0:00 - 8:00)
[2025-10-19 09:15:01] Обучение не запущено, ничего не делаем
[2025-10-19 09:15:01] Обучение не запущено, ничего не делаем
[2025-10-19 09:15:01] === Проверка завершена ===
[2025-10-19 09:15:01] === Проверка завершена ===
[2025-10-19 09:15:01] 
[2025-10-19 09:15:01] 
[2025-10-19 09:30:01] === Проверка расписания обучения ===
[2025-10-19 09:30:01] === Проверка расписания обучения ===
[2025-10-19 09:30:01] Текущее время НЕ в окне обучения (0:00 - 8:00)
[2025-10-19 09:30:01] Текущее время НЕ в окне обучения (0:00 - 8:00)
[2025-10-19 09:30:01] Обучение не запущено, ничего не делаем
[2025-10-19 09:30:01] Обучение не запущено, ничего не делаем
[2025-10-19 09:30:01] === Проверка завершена ===
[2025-10-19 09:30:01] === Проверка завершена ===
[2025-10-19 09:30:02] 
[2025-10-19 09:30:02] 
[2025-10-19 09:45:01] === Проверка расписания обучения ===
[2025-10-19 09:45:01] === Проверка расписания обучения ===
[2025-10-19 09:45:01] Текущее время НЕ в окне обучения (0:00 - 8:00)
[2025-10-19 09:45:01] Текущее время НЕ в окне обучения (0:00 - 8:00)
[2025-10-19 09:45:01] Обучение не запущено, ничего не делаем
[2025-10-19 09:45:01] Обучение не запущено, ничего не делаем
[2025-10-19 09:45:01] === Проверка завершена ===
[2025-10-19 09:45:01] === Проверка завершена ===
[2025-10-19 09:45:01] 
[2025-10-19 09:45:01] 
[2025-10-19 10:00:01] === Проверка расписания обучения ===
[2025-10-19 10:00:01] === Проверка расписания обучения ===
[2025-10-19 10:00:01] Текущее время НЕ в окне обучения (0:00 - 8:00)
[2025-10-19 10:00:01] Текущее время НЕ в окне обучения (0:00 - 8:00)
[2025-10-19 10:00:01] Обучение не запущено, ничего не делаем
[2025-10-19 10:00:01] Обучение не запущено, ничего не делаем
[2025-10-19 10:00:01] === Проверка завершена ===
[2025-10-19 10:00:01] === Проверка завершена ===
[2025-10-19 10:00:01] 
[2025-10-19 10:00:01] 
[2025-10-19 10:15:01] === Проверка расписания обучения ===
[2025-10-19 10:15:01] === Проверка расписания обучения ===
[2025-10-19 10:15:01] Текущее время НЕ в окне обучения (0:00 - 8:00)
[2025-10-19 10:15:01] Текущее время НЕ в окне обучения (0:00 - 8:00)
[2025-10-19 10:15:01] Обучение не запущено, ничего не делаем
[2025-10-19 10:15:01] Обучение не запущено, ничего не делаем
[2025-10-19 10:15:01] === Проверка завершена ===
[2025-10-19 10:15:01] === Проверка завершена ===
[2025-10-19 10:15:01] 
[2025-10-19 10:15:01] 
[2025-10-22 19:17:25] === Проверка расписания обучения ===
[2025-10-22 19:17:25] Текущее время НЕ в окне обучения (0:00 - 8:00)
[2025-10-22 19:17:25] Обучение не запущено, ничего не делаем
[2025-10-22 19:17:25] === Проверка завершена ===
[2025-10-22 19:17:25] 
[2025-10-22 19:47:25] === Проверка расписания обучения ===
[2025-10-22 19:47:25] Текущее время НЕ в окне обучения (0:00 - 8:00)
[2025-10-22 19:47:25] Обучение не запущено, ничего не делаем
[2025-10-22 19:47:25] === Проверка завершена ===
[2025-10-22 19:47:25] 
